-------------------------------------------
Batch: 0
-------------------------------------------
+--------------------+-----+
|            customer|score|
+--------------------+-----+
|Senthil.Fibonnaci...| 23.0|
|John.Aristotle@te...| 23.0|
|Jerry.Doshi@test.com| -2.0|
|Senthil.Fibonnaci...| 17.5|
|John.Aristotle@te...| 40.0|
|Jerry.Doshi@test.com| -2.0|
|Senthil.Fibonnaci...| -0.5|
|John.Aristotle@te...|  9.5|
|Jerry.Doshi@test.com| -2.5|
|Senthil.Fibonnaci...| 11.5|
|John.Aristotle@te...|  8.5|
|Jerry.Doshi@test.com| -2.5|
|Senthil.Fibonnaci...|  5.0|
|John.Aristotle@te...|  2.5|
|Jerry.Doshi@test.com| -1.5|
|Senthil.Fibonnaci...| 10.5|
|John.Aristotle@te...| 16.5|
|Jerry.Doshi@test.com| -2.0|
|Senthil.Fibonnaci...|  6.0|
|John.Aristotle@te...| 13.5|
+--------------------+-----+
only showing top 20 rows

-------------------------------------------
Batch: 1
-------------------------------------------
+--------------------+-----+
|            customer|score|
+--------------------+-----+
|John.Aristotle@te...|  0.0|
|Jerry.Doshi@test.com| -2.5|
|Senthil.Fibonnaci...|  5.5|
|John.Aristotle@te...| 22.0|
|Jerry.Doshi@test.com| -5.0|
|Senthil.Fibonnaci...|  1.5|
|John.Aristotle@te...|  2.5|
|Jerry.Doshi@test.com| -4.5|
|Senthil.Fibonnaci...|  6.5|
+--------------------+-----+

-------------------------------------------
Batch: 2
-------------------------------------------
+--------------------+-----+
|            customer|score|
+--------------------+-----+
|John.Aristotle@te...|  4.5|
+--------------------+-----+

-------------------------------------------
Batch: 3
-------------------------------------------
+--------------------+-----+
|            customer|score|
+--------------------+-----+
|Jerry.Doshi@test.com| -2.0|
+--------------------+-----+

-------------------------------------------
Batch: 4
-------------------------------------------
+--------------------+-----+
|            customer|score|
+--------------------+-----+
|Senthil.Fibonnaci...| 16.0|
+--------------------+-----+

-------------------------------------------
Batch: 5
-------------------------------------------
+--------------------+-----+
|            customer|score|
+--------------------+-----+
|John.Aristotle@te...| 18.5|
+--------------------+-----+

-------------------------------------------
Batch: 6
-------------------------------------------
+--------------------+-----+
|            customer|score|
+--------------------+-----+
|Jerry.Doshi@test.com| -1.5|
+--------------------+-----+

-------------------------------------------
Batch: 7
-------------------------------------------
+--------------------+-----+
|            customer|score|
+--------------------+-----+
|Senthil.Fibonnaci...| 21.0|
+--------------------+-----+

-------------------------------------------
Batch: 8
-------------------------------------------
+--------------------+-----+
|            customer|score|
+--------------------+-----+
|John.Aristotle@te...| 21.0|
+--------------------+-----+

-------------------------------------------
Batch: 9
-------------------------------------------
+--------------------+-----+
|            customer|score|
+--------------------+-----+
|Jerry.Doshi@test.com| -2.5|
+--------------------+-----+

-------------------------------------------
Batch: 10
-------------------------------------------
+--------------------+-----+
|            customer|score|
+--------------------+-----+
|Senthil.Fibonnaci...|  9.0|
+--------------------+-----+

-------------------------------------------
Batch: 11
-------------------------------------------
+--------------------+-----+
|            customer|score|
+--------------------+-----+
|John.Aristotle@te...| 20.5|
+--------------------+-----+

-------------------------------------------
Batch: 12
-------------------------------------------
+--------------------+-----+
|            customer|score|
+--------------------+-----+
|Jerry.Doshi@test.com| -4.0|
+--------------------+-----+

-------------------------------------------
Batch: 13
-------------------------------------------
+--------------------+-----+
|            customer|score|
+--------------------+-----+
|Senthil.Fibonnaci...|-23.5|
+--------------------+-----+

-------------------------------------------
Batch: 14
-------------------------------------------
+--------------------+-----+
|            customer|score|
+--------------------+-----+
|John.Aristotle@te...| 20.0|
+--------------------+-----+

-------------------------------------------
Batch: 15
-------------------------------------------
+--------------------+-----+
|            customer|score|
+--------------------+-----+
|Jerry.Doshi@test.com| -4.5|
+--------------------+-----+

-------------------------------------------
Batch: 16
-------------------------------------------
+--------------------+-----+
|            customer|score|
+--------------------+-----+
|Senthil.Fibonnaci...|  8.5|
+--------------------+-----+

-------------------------------------------
Batch: 17
-------------------------------------------
+--------------------+-----+
|            customer|score|
+--------------------+-----+
|John.Aristotle@te...| -6.0|
+--------------------+-----+

-------------------------------------------
Batch: 18
-------------------------------------------
+--------------------+-----+
|            customer|score|
+--------------------+-----+
|Jerry.Doshi@test.com| -2.5|
+--------------------+-----+

-------------------------------------------
Batch: 19
-------------------------------------------
+--------------------+-----+
|            customer|score|
+--------------------+-----+
|Senthil.Fibonnaci...| 11.0|
+--------------------+-----+

-------------------------------------------
Batch: 20
-------------------------------------------
+--------------------+-----+
|            customer|score|
+--------------------+-----+
|John.Aristotle@te...|  2.0|
+--------------------+-----+

-------------------------------------------
Batch: 21
-------------------------------------------
+--------------------+-----+
|            customer|score|
+--------------------+-----+
|Jerry.Doshi@test.com| -1.5|
+--------------------+-----+

-------------------------------------------
Batch: 22
-------------------------------------------
+--------------------+-----+
|            customer|score|
+--------------------+-----+
|Senthil.Fibonnaci...| 36.5|
+--------------------+-----+

-------------------------------------------
Batch: 23
-------------------------------------------
+--------------------+-----+
|            customer|score|
+--------------------+-----+
|John.Aristotle@te...| 23.5|
+--------------------+-----+

-------------------------------------------
Batch: 24
-------------------------------------------
+--------------------+-----+
|            customer|score|
+--------------------+-----+
|Jerry.Doshi@test.com| -2.0|
+--------------------+-----+

-------------------------------------------
Batch: 25
-------------------------------------------
+--------------------+-----+
|            customer|score|
+--------------------+-----+
|Senthil.Fibonnaci...| 24.0|
+--------------------+-----+

-------------------------------------------
Batch: 26
-------------------------------------------
+--------------------+-----+
|            customer|score|
+--------------------+-----+
|John.Aristotle@te...|  1.0|
+--------------------+-----+

-------------------------------------------
Batch: 27
-------------------------------------------
+--------------------+-----+
|            customer|score|
+--------------------+-----+
|Jerry.Doshi@test.com| -1.5|
+--------------------+-----+

-------------------------------------------
Batch: 28
-------------------------------------------
+--------------------+-----+
|            customer|score|
+--------------------+-----+
|Senthil.Fibonnaci...| -7.5|
+--------------------+-----+

-------------------------------------------
Batch: 29
-------------------------------------------
+--------------------+-----+
|            customer|score|
+--------------------+-----+
|John.Aristotle@te...|  4.5|
+--------------------+-----+

-------------------------------------------
Batch: 30
-------------------------------------------
+--------------------+-----+
|            customer|score|
+--------------------+-----+
|Jerry.Doshi@test.com| -1.5|
+--------------------+-----+

-------------------------------------------
Batch: 31
-------------------------------------------
+--------------------+-----+
|            customer|score|
+--------------------+-----+
|Senthil.Fibonnaci...| -3.5|
+--------------------+-----+

-------------------------------------------
Batch: 32
-------------------------------------------
+--------------------+-----+
|            customer|score|
+--------------------+-----+
|John.Aristotle@te...| 22.0|
+--------------------+-----+

-------------------------------------------
Batch: 33
-------------------------------------------
+--------------------+-----+
|            customer|score|
+--------------------+-----+
|Jerry.Doshi@test.com| -2.0|
+--------------------+-----+

-------------------------------------------
Batch: 34
-------------------------------------------
+--------------------+-----+
|            customer|score|
+--------------------+-----+
|Senthil.Fibonnaci...| 16.5|
+--------------------+-----+

-------------------------------------------
Batch: 35
-------------------------------------------
+--------------------+-----+
|            customer|score|
+--------------------+-----+
|John.Aristotle@te...|  2.0|
+--------------------+-----+

-------------------------------------------
Batch: 36
-------------------------------------------
+--------------------+-----+
|            customer|score|
+--------------------+-----+
|Jerry.Doshi@test.com| -2.5|
+--------------------+-----+

-------------------------------------------
Batch: 37
-------------------------------------------
+--------------------+-----+
|            customer|score|
+--------------------+-----+
|Senthil.Fibonnaci...| -9.5|
+--------------------+-----+

-------------------------------------------
Batch: 38
-------------------------------------------
+--------------------+-----+
|            customer|score|
+--------------------+-----+
|John.Aristotle@te...| 19.5|
+--------------------+-----+

-------------------------------------------
Batch: 39
-------------------------------------------
+--------------------+-----+
|            customer|score|
+--------------------+-----+
|Jerry.Doshi@test.com| -3.0|
+--------------------+-----+

-------------------------------------------
Batch: 40
-------------------------------------------
+--------------------+-----+
|            customer|score|
+--------------------+-----+
|Senthil.Fibonnaci...|  6.0|
+--------------------+-----+

-------------------------------------------
Batch: 41
-------------------------------------------
+--------------------+-----+
|            customer|score|
+--------------------+-----+
|John.Aristotle@te...|  9.0|
+--------------------+-----+

-------------------------------------------
Batch: 42
-------------------------------------------
+--------------------+-----+
|            customer|score|
+--------------------+-----+
|Jerry.Doshi@test.com| -2.5|
+--------------------+-----+

-------------------------------------------
Batch: 43
-------------------------------------------
+--------------------+-----+
|            customer|score|
+--------------------+-----+
|Senthil.Fibonnaci...|  6.0|
+--------------------+-----+

-------------------------------------------
Batch: 44
-------------------------------------------
+--------------------+-----+
|            customer|score|
+--------------------+-----+
|John.Aristotle@te...| -4.0|
+--------------------+-----+

-------------------------------------------
Batch: 45
-------------------------------------------
+--------------------+-----+
|            customer|score|
+--------------------+-----+
|Jerry.Doshi@test.com| -2.0|
+--------------------+-----+

-------------------------------------------
Batch: 46
-------------------------------------------
+--------------------+-----+
|            customer|score|
+--------------------+-----+
|Senthil.Fibonnaci...|  8.0|
+--------------------+-----+

-------------------------------------------
Batch: 47
-------------------------------------------
+--------------------+-----+
|            customer|score|
+--------------------+-----+
|John.Aristotle@te...|-11.5|
+--------------------+-----+

-------------------------------------------
Batch: 48
-------------------------------------------
+--------------------+-----+
|            customer|score|
+--------------------+-----+
|Jerry.Doshi@test.com| -1.5|
+--------------------+-----+

-------------------------------------------
Batch: 49
-------------------------------------------
+--------------------+-----+
|            customer|score|
+--------------------+-----+
|Senthil.Fibonnaci...|  0.5|
+--------------------+-----+

-------------------------------------------
Batch: 50
-------------------------------------------
+--------------------+-----+
|            customer|score|
+--------------------+-----+
|John.Aristotle@te...| 13.0|
+--------------------+-----+

-------------------------------------------
Batch: 51
-------------------------------------------
+--------------------+-----+
|            customer|score|
+--------------------+-----+
|Jerry.Doshi@test.com| -1.0|
+--------------------+-----+

-------------------------------------------
Batch: 52
-------------------------------------------
+--------------------+-----+
|            customer|score|
+--------------------+-----+
|Senthil.Fibonnaci...| 19.5|
+--------------------+-----+

-------------------------------------------
Batch: 53
-------------------------------------------
+--------------------+-----+
|            customer|score|
+--------------------+-----+
|John.Aristotle@te...| 10.0|
+--------------------+-----+

-------------------------------------------
Batch: 54
-------------------------------------------
+--------------------+-----+
|            customer|score|
+--------------------+-----+
|Jerry.Doshi@test.com| -1.5|
+--------------------+-----+

-------------------------------------------
Batch: 55
-------------------------------------------
+--------------------+-----+
|            customer|score|
+--------------------+-----+
|Senthil.Fibonnaci...| 38.0|
+--------------------+-----+

-------------------------------------------
Batch: 56
-------------------------------------------
+--------------------+-----+
|            customer|score|
+--------------------+-----+
|John.Aristotle@te...| 10.5|
+--------------------+-----+

-------------------------------------------
Batch: 57
-------------------------------------------
+--------------------+-----+
|            customer|score|
+--------------------+-----+
|Jerry.Doshi@test.com| -2.0|
+--------------------+-----+

-------------------------------------------
Batch: 58
-------------------------------------------
+--------------------+-----+
|            customer|score|
+--------------------+-----+
|Senthil.Fibonnaci...| 39.5|
+--------------------+-----+

-------------------------------------------
Batch: 59
-------------------------------------------
+--------------------+-----+
|            customer|score|
+--------------------+-----+
|John.Aristotle@te...|  7.0|
+--------------------+-----+

-------------------------------------------
Batch: 60
-------------------------------------------
+--------------------+-----+
|            customer|score|
+--------------------+-----+
|Jerry.Doshi@test.com| -2.0|
+--------------------+-----+

-------------------------------------------
Batch: 61
-------------------------------------------
+--------------------+-----+
|            customer|score|
+--------------------+-----+
|Senthil.Fibonnaci...|  7.0|
+--------------------+-----+

-------------------------------------------
Batch: 62
-------------------------------------------
+--------------------+-----+
|            customer|score|
+--------------------+-----+
|John.Aristotle@te...|-12.5|
+--------------------+-----+

-------------------------------------------
Batch: 63
-------------------------------------------
+--------------------+-----+
|            customer|score|
+--------------------+-----+
|Jerry.Doshi@test.com| -1.5|
+--------------------+-----+

-------------------------------------------
Batch: 64
-------------------------------------------
+--------------------+-----+
|            customer|score|
+--------------------+-----+
|Senthil.Fibonnaci...|-30.5|
+--------------------+-----+

-------------------------------------------
Batch: 65
-------------------------------------------
+--------------------+-----+
|            customer|score|
+--------------------+-----+
|John.Aristotle@te...|  4.0|
+--------------------+-----+

-------------------------------------------
Batch: 66
-------------------------------------------
+--------------------+-----+
|            customer|score|
+--------------------+-----+
|Jerry.Doshi@test.com| -1.5|
+--------------------+-----+

-------------------------------------------
Batch: 67
-------------------------------------------
+--------------------+-----+
|            customer|score|
+--------------------+-----+
|Senthil.Fibonnaci...|-22.0|
+--------------------+-----+

-------------------------------------------
Batch: 68
-------------------------------------------
+--------------------+-----+
|            customer|score|
+--------------------+-----+
|John.Aristotle@te...| 20.5|
+--------------------+-----+

-------------------------------------------
Batch: 69
-------------------------------------------
+--------------------+-----+
|            customer|score|
+--------------------+-----+
|Jerry.Doshi@test.com| -3.5|
+--------------------+-----+

-------------------------------------------
Batch: 70
-------------------------------------------
+--------------------+-----+
|            customer|score|
+--------------------+-----+
|Senthil.Fibonnaci...| 16.0|
+--------------------+-----+

-------------------------------------------
Batch: 71
-------------------------------------------
+--------------------+-----+
|            customer|score|
+--------------------+-----+
|John.Aristotle@te...| 20.5|
+--------------------+-----+

-------------------------------------------
Batch: 72
-------------------------------------------
+--------------------+-----+
|            customer|score|
+--------------------+-----+
|Jerry.Doshi@test.com| -4.0|
+--------------------+-----+

-------------------------------------------
Batch: 73
-------------------------------------------
+--------------------+-----+
|            customer|score|
+--------------------+-----+
|Senthil.Fibonnaci...| 32.0|
+--------------------+-----+

-------------------------------------------
Batch: 74
-------------------------------------------
+--------------------+-----+
|            customer|score|
+--------------------+-----+
|John.Aristotle@te...|  6.0|
+--------------------+-----+

-------------------------------------------
Batch: 75
-------------------------------------------
+--------------------+-----+
|            customer|score|
+--------------------+-----+
|Jerry.Doshi@test.com| -3.0|
+--------------------+-----+

-------------------------------------------
Batch: 76
-------------------------------------------
+--------------------+-----+
|            customer|score|
+--------------------+-----+
|Senthil.Fibonnaci...| 10.0|
+--------------------+-----+

-------------------------------------------
Batch: 77
-------------------------------------------
+--------------------+-----+
|            customer|score|
+--------------------+-----+
|John.Aristotle@te...| -4.5|
+--------------------+-----+

-------------------------------------------
Batch: 78
-------------------------------------------
+--------------------+-----+
|            customer|score|
+--------------------+-----+
|Jerry.Doshi@test.com| -3.0|
+--------------------+-----+

-------------------------------------------
Batch: 79
-------------------------------------------
+--------------------+-----+
|            customer|score|
+--------------------+-----+
|Senthil.Fibonnaci...| 17.0|
+--------------------+-----+

-------------------------------------------
Batch: 80
-------------------------------------------
+--------------------+-----+
|            customer|score|
+--------------------+-----+
|John.Aristotle@te...|  8.5|
+--------------------+-----+

-------------------------------------------
Batch: 81
-------------------------------------------
+--------------------+-----+
|            customer|score|
+--------------------+-----+
|Jerry.Doshi@test.com| -3.0|
+--------------------+-----+

-------------------------------------------
Batch: 82
-------------------------------------------
+--------------------+-----+
|            customer|score|
+--------------------+-----+
|Senthil.Fibonnaci...| 31.0|
+--------------------+-----+

-------------------------------------------
Batch: 83
-------------------------------------------
+--------------------+-----+
|            customer|score|
+--------------------+-----+
|John.Aristotle@te...|  8.5|
+--------------------+-----+

-------------------------------------------
Batch: 84
-------------------------------------------
+--------------------+-----+
|            customer|score|
+--------------------+-----+
|Jerry.Doshi@test.com| -3.5|
+--------------------+-----+

-------------------------------------------
Batch: 85
-------------------------------------------
+--------------------+-----+
|            customer|score|
+--------------------+-----+
|Senthil.Fibonnaci...|  5.5|
+--------------------+-----+

-------------------------------------------
Batch: 86
-------------------------------------------
+--------------------+-----+
|            customer|score|
+--------------------+-----+
|John.Aristotle@te...|  8.5|
+--------------------+-----+

-------------------------------------------
Batch: 87
-------------------------------------------
+--------------------+-----+
|            customer|score|
+--------------------+-----+
|Jerry.Doshi@test.com| -3.5|
+--------------------+-----+

-------------------------------------------
Batch: 88
-------------------------------------------
+--------------------+-----+
|            customer|score|
+--------------------+-----+
|Senthil.Fibonnaci...|  5.5|
+--------------------+-----+

-------------------------------------------
Batch: 89
-------------------------------------------
+--------------------+-----+
|            customer|score|
+--------------------+-----+
|John.Aristotle@te...| -1.5|
+--------------------+-----+

-------------------------------------------
Batch: 90
-------------------------------------------
+--------------------+-----+
|            customer|score|
+--------------------+-----+
|Jerry.Doshi@test.com| -3.0|
+--------------------+-----+

-------------------------------------------
Batch: 91
-------------------------------------------
+--------------------+-----+
|            customer|score|
+--------------------+-----+
|Senthil.Fibonnaci...|  6.0|
+--------------------+-----+

-------------------------------------------
Batch: 92
-------------------------------------------
+--------------------+-----+
|            customer|score|
+--------------------+-----+
|John.Aristotle@te...| 10.5|
+--------------------+-----+

-------------------------------------------
Batch: 93
-------------------------------------------
+--------------------+-----+
|            customer|score|
+--------------------+-----+
|Jerry.Doshi@test.com| -2.5|
+--------------------+-----+

-------------------------------------------
Batch: 94
-------------------------------------------
+--------------------+-----+
|            customer|score|
+--------------------+-----+
|Senthil.Fibonnaci...| -6.0|
+--------------------+-----+

-------------------------------------------
Batch: 95
-------------------------------------------
+--------------------+-----+
|            customer|score|
+--------------------+-----+
|John.Aristotle@te...| 12.0|
+--------------------+-----+

-------------------------------------------
Batch: 96
-------------------------------------------
+--------------------+-----+
|            customer|score|
+--------------------+-----+
|Jerry.Doshi@test.com| -3.0|
+--------------------+-----+

-------------------------------------------
Batch: 97
-------------------------------------------
+--------------------+-----+
|            customer|score|
+--------------------+-----+
|Senthil.Fibonnaci...|  5.5|
+--------------------+-----+

-------------------------------------------
Batch: 98
-------------------------------------------
+--------------------+-----+
|            customer|score|
+--------------------+-----+
|John.Aristotle@te...|  9.5|
+--------------------+-----+

-------------------------------------------
Batch: 99
-------------------------------------------
+--------------------+-----+
|            customer|score|
+--------------------+-----+
|Jerry.Doshi@test.com| -4.0|
+--------------------+-----+

-------------------------------------------
Batch: 100
-------------------------------------------
+--------------------+-----+
|            customer|score|
+--------------------+-----+
|Senthil.Fibonnaci...| 26.5|
+--------------------+-----+

-------------------------------------------
Batch: 101
-------------------------------------------
+--------------------+-----+
|            customer|score|
+--------------------+-----+
|John.Aristotle@te...| 23.5|
+--------------------+-----+

-------------------------------------------
Batch: 102
-------------------------------------------
+--------------------+-----+
|            customer|score|
+--------------------+-----+
|Jerry.Doshi@test.com| -3.0|
+--------------------+-----+

-------------------------------------------
Batch: 103
-------------------------------------------
+--------------------+-----+
|            customer|score|
+--------------------+-----+
|Senthil.Fibonnaci...| 29.0|
+--------------------+-----+

-------------------------------------------
Batch: 104
-------------------------------------------
+--------------------+-----+
|            customer|score|
+--------------------+-----+
|John.Aristotle@te...|-16.0|
+--------------------+-----+

-------------------------------------------
Batch: 105
-------------------------------------------
+--------------------+-----+
|            customer|score|
+--------------------+-----+
|Jerry.Doshi@test.com| -3.0|
+--------------------+-----+

-------------------------------------------
Batch: 106
-------------------------------------------
+--------------------+-----+
|            customer|score|
+--------------------+-----+
|Senthil.Fibonnaci...| 22.5|
+--------------------+-----+

-------------------------------------------
Batch: 107
-------------------------------------------
+--------------------+-----+
|            customer|score|
+--------------------+-----+
|John.Aristotle@te...|-12.5|
+--------------------+-----+

-------------------------------------------
Batch: 108
-------------------------------------------
+--------------------+-----+
|            customer|score|
+--------------------+-----+
|Jerry.Doshi@test.com| -5.0|
+--------------------+-----+

-------------------------------------------
Batch: 109
-------------------------------------------
+--------------------+-----+
|            customer|score|
+--------------------+-----+
|Senthil.Fibonnaci...| 22.0|
+--------------------+-----+

-------------------------------------------
Batch: 110
-------------------------------------------
+--------------------+-----+
|            customer|score|
+--------------------+-----+
|John.Aristotle@te...|  7.5|
+--------------------+-----+

-------------------------------------------
Batch: 111
-------------------------------------------
+--------------------+-----+
|            customer|score|
+--------------------+-----+
|Jerry.Doshi@test.com| -5.0|
+--------------------+-----+

-------------------------------------------
Batch: 112
-------------------------------------------
+--------------------+-----+
|            customer|score|
+--------------------+-----+
|Senthil.Fibonnaci...| 18.5|
+--------------------+-----+

-------------------------------------------
Batch: 113
-------------------------------------------
+--------------------+-----+
|            customer|score|
+--------------------+-----+
|John.Aristotle@te...| 17.0|
+--------------------+-----+

-------------------------------------------
Batch: 114
-------------------------------------------
+--------------------+-----+
|            customer|score|
+--------------------+-----+
|Jerry.Doshi@test.com| -3.0|
+--------------------+-----+

-------------------------------------------
Batch: 115
-------------------------------------------
+--------------------+-----+
|            customer|score|
+--------------------+-----+
|Senthil.Fibonnaci...| 12.5|
+--------------------+-----+

-------------------------------------------
Batch: 116
-------------------------------------------
+--------------------+-----+
|            customer|score|
+--------------------+-----+
|John.Aristotle@te...| 31.5|
+--------------------+-----+

-------------------------------------------
Batch: 117
-------------------------------------------
+--------------------+-----+
|            customer|score|
+--------------------+-----+
|Jerry.Doshi@test.com| -1.5|
+--------------------+-----+

-------------------------------------------
Batch: 118
-------------------------------------------
+--------------------+-----+
|            customer|score|
+--------------------+-----+
|Senthil.Fibonnaci...| 14.0|
+--------------------+-----+

-------------------------------------------
Batch: 119
-------------------------------------------
+--------------------+-----+
|            customer|score|
+--------------------+-----+
|John.Aristotle@te...| 37.0|
+--------------------+-----+

-------------------------------------------
Batch: 120
-------------------------------------------
+--------------------+-----+
|            customer|score|
+--------------------+-----+
|Jerry.Doshi@test.com| -2.0|
+--------------------+-----+

-------------------------------------------
Batch: 121
-------------------------------------------
+--------------------+-----+
|            customer|score|
+--------------------+-----+
|Senthil.Fibonnaci...| 28.0|
+--------------------+-----+

-------------------------------------------
Batch: 122
-------------------------------------------
+--------------------+-----+
|            customer|score|
+--------------------+-----+
|John.Aristotle@te...| 32.5|
+--------------------+-----+

-------------------------------------------
Batch: 123
-------------------------------------------
+--------------------+-----+
|            customer|score|
+--------------------+-----+
|Jerry.Doshi@test.com| -4.5|
+--------------------+-----+

-------------------------------------------
Batch: 124
-------------------------------------------
+--------------------+-----+
|            customer|score|
+--------------------+-----+
|Senthil.Fibonnaci...|  1.0|
+--------------------+-----+

-------------------------------------------
Batch: 125
-------------------------------------------
+--------------------+-----+
|            customer|score|
+--------------------+-----+
|John.Aristotle@te...| 20.0|
+--------------------+-----+

-------------------------------------------
Batch: 126
-------------------------------------------
+--------------------+-----+
|            customer|score|
+--------------------+-----+
|Jerry.Doshi@test.com| -5.5|
+--------------------+-----+

-------------------------------------------
Batch: 127
-------------------------------------------
+--------------------+-----+
|            customer|score|
+--------------------+-----+
|Senthil.Fibonnaci...| 13.5|
+--------------------+-----+

-------------------------------------------
Batch: 128
-------------------------------------------
+--------------------+-----+
|            customer|score|
+--------------------+-----+
|John.Aristotle@te...|  3.5|
+--------------------+-----+

-------------------------------------------
Batch: 129
-------------------------------------------
+--------------------+-----+
|            customer|score|
+--------------------+-----+
|Jerry.Doshi@test.com| -4.5|
+--------------------+-----+

-------------------------------------------
Batch: 130
-------------------------------------------
+--------------------+-----+
|            customer|score|
+--------------------+-----+
|Senthil.Fibonnaci...| 39.0|
+--------------------+-----+

-------------------------------------------
Batch: 131
-------------------------------------------
+--------------------+-----+
|            customer|score|
+--------------------+-----+
|John.Aristotle@te...| 17.5|
+--------------------+-----+

-------------------------------------------
Batch: 132
-------------------------------------------
+--------------------+-----+
|            customer|score|
+--------------------+-----+
|Jerry.Doshi@test.com| -3.5|
+--------------------+-----+

-------------------------------------------
Batch: 133
-------------------------------------------
+--------------------+-----+
|            customer|score|
+--------------------+-----+
|Senthil.Fibonnaci...|  0.5|
+--------------------+-----+

-------------------------------------------
Batch: 134
-------------------------------------------
+--------------------+-----+
|            customer|score|
+--------------------+-----+
|John.Aristotle@te...| 17.5|
+--------------------+-----+

-------------------------------------------
Batch: 135
-------------------------------------------
+--------------------+-----+
|            customer|score|
+--------------------+-----+
|Jerry.Doshi@test.com| -3.0|
+--------------------+-----+

-------------------------------------------
Batch: 136
-------------------------------------------
+--------------------+-----+
|            customer|score|
+--------------------+-----+
|Senthil.Fibonnaci...| 14.0|
+--------------------+-----+

-------------------------------------------
Batch: 137
-------------------------------------------
+--------------------+-----+
|            customer|score|
+--------------------+-----+
|John.Aristotle@te...| 18.0|
+--------------------+-----+

-------------------------------------------
Batch: 138
-------------------------------------------
+--------------------+-----+
|            customer|score|
+--------------------+-----+
|Jerry.Doshi@test.com| -3.5|
+--------------------+-----+

-------------------------------------------
Batch: 139
-------------------------------------------
+--------------------+-----+
|            customer|score|
+--------------------+-----+
|Senthil.Fibonnaci...| -0.5|
+--------------------+-----+

-------------------------------------------
Batch: 140
-------------------------------------------
+--------------------+-----+
|            customer|score|
+--------------------+-----+
|John.Aristotle@te...| -2.5|
+--------------------+-----+

-------------------------------------------
Batch: 141
-------------------------------------------
+--------------------+-----+
|            customer|score|
+--------------------+-----+
|Jerry.Doshi@test.com| -3.5|
+--------------------+-----+

-------------------------------------------
Batch: 142
-------------------------------------------
+--------------------+-----+
|            customer|score|
+--------------------+-----+
|Senthil.Fibonnaci...| -1.5|
+--------------------+-----+

-------------------------------------------
Batch: 143
-------------------------------------------
+--------------------+-----+
|            customer|score|
+--------------------+-----+
|John.Aristotle@te...|  6.0|
+--------------------+-----+

-------------------------------------------
Batch: 144
-------------------------------------------
+--------------------+-----+
|            customer|score|
+--------------------+-----+
|Jerry.Doshi@test.com| -2.0|
+--------------------+-----+

-------------------------------------------
Batch: 145
-------------------------------------------
+--------------------+-----+
|            customer|score|
+--------------------+-----+
|Senthil.Fibonnaci...| -1.5|
+--------------------+-----+

-------------------------------------------
Batch: 146
-------------------------------------------
+--------------------+-----+
|            customer|score|
+--------------------+-----+
|John.Aristotle@te...| -4.0|
+--------------------+-----+

-------------------------------------------
Batch: 147
-------------------------------------------
+--------------------+-----+
|            customer|score|
+--------------------+-----+
|Jerry.Doshi@test.com| -0.5|
+--------------------+-----+

-------------------------------------------
Batch: 148
-------------------------------------------
+--------------------+-----+
|            customer|score|
+--------------------+-----+
|Senthil.Fibonnaci...| -6.0|
+--------------------+-----+

-------------------------------------------
Batch: 149
-------------------------------------------
+--------------------+-----+
|            customer|score|
+--------------------+-----+
|John.Aristotle@te...|  1.5|
+--------------------+-----+

-------------------------------------------
Batch: 150
-------------------------------------------
+--------------------+-----+
|            customer|score|
+--------------------+-----+
|Jerry.Doshi@test.com|  0.0|
+--------------------+-----+

-------------------------------------------
Batch: 151
-------------------------------------------
+--------------------+-----+
|            customer|score|
+--------------------+-----+
|Senthil.Fibonnaci...| -6.0|
+--------------------+-----+

-------------------------------------------
Batch: 152
-------------------------------------------
+--------------------+-----+
|            customer|score|
+--------------------+-----+
|John.Aristotle@te...| 19.5|
+--------------------+-----+

-------------------------------------------
Batch: 153
-------------------------------------------
+--------------------+-----+
|            customer|score|
+--------------------+-----+
|Jerry.Doshi@test.com| -0.5|
+--------------------+-----+

-------------------------------------------
Batch: 154
-------------------------------------------
+--------------------+-----+
|            customer|score|
+--------------------+-----+
|Senthil.Fibonnaci...|  9.0|
+--------------------+-----+

-------------------------------------------
Batch: 155
-------------------------------------------
+--------------------+-----+
|            customer|score|
+--------------------+-----+
|John.Aristotle@te...|  2.0|
+--------------------+-----+

-------------------------------------------
Batch: 156
-------------------------------------------
+--------------------+-----+
|            customer|score|
+--------------------+-----+
|Jerry.Doshi@test.com| -1.0|
+--------------------+-----+

-------------------------------------------
Batch: 157
-------------------------------------------
+--------------------+-----+
|            customer|score|
+--------------------+-----+
|Senthil.Fibonnaci...| 21.0|
+--------------------+-----+

-------------------------------------------
Batch: 158
-------------------------------------------
+--------------------+-----+
|            customer|score|
+--------------------+-----+
|John.Aristotle@te...| 16.5|
+--------------------+-----+

-------------------------------------------
Batch: 159
-------------------------------------------
+--------------------+-----+
|            customer|score|
+--------------------+-----+
|Jerry.Doshi@test.com| -2.0|
+--------------------+-----+

-------------------------------------------
Batch: 160
-------------------------------------------
+--------------------+-----+
|            customer|score|
+--------------------+-----+
|Senthil.Fibonnaci...| 33.5|
+--------------------+-----+

-------------------------------------------
Batch: 161
-------------------------------------------
+--------------------+-----+
|            customer|score|
+--------------------+-----+
|John.Aristotle@te...| 16.5|
+--------------------+-----+

-------------------------------------------
Batch: 162
-------------------------------------------
+--------------------+-----+
|            customer|score|
+--------------------+-----+
|Jerry.Doshi@test.com| -3.5|
+--------------------+-----+

-------------------------------------------
Batch: 163
-------------------------------------------
+--------------------+-----+
|            customer|score|
+--------------------+-----+
|Senthil.Fibonnaci...|  9.5|
+--------------------+-----+

-------------------------------------------
Batch: 164
-------------------------------------------
+--------------------+-----+
|            customer|score|
+--------------------+-----+
|John.Aristotle@te...| -3.0|
+--------------------+-----+

-------------------------------------------
Batch: 165
-------------------------------------------
+--------------------+-----+
|            customer|score|
+--------------------+-----+
|Jerry.Doshi@test.com| -2.5|
+--------------------+-----+

-------------------------------------------
Batch: 166
-------------------------------------------
+--------------------+-----+
|            customer|score|
+--------------------+-----+
|Senthil.Fibonnaci...|  3.0|
+--------------------+-----+

-------------------------------------------
Batch: 167
-------------------------------------------
+--------------------+-----+
|            customer|score|
+--------------------+-----+
|John.Aristotle@te...| -8.0|
+--------------------+-----+

-------------------------------------------
Batch: 168
-------------------------------------------
+--------------------+-----+
|            customer|score|
+--------------------+-----+
|Jerry.Doshi@test.com| -2.0|
+--------------------+-----+

-------------------------------------------
Batch: 169
-------------------------------------------
+--------------------+-----+
|            customer|score|
+--------------------+-----+
|Senthil.Fibonnaci...| 21.5|
+--------------------+-----+

-------------------------------------------
Batch: 170
-------------------------------------------
+--------------------+-----+
|            customer|score|
+--------------------+-----+
|John.Aristotle@te...| 17.5|
+--------------------+-----+

-------------------------------------------
Batch: 171
-------------------------------------------
+--------------------+-----+
|            customer|score|
+--------------------+-----+
|Jerry.Doshi@test.com| -4.0|
+--------------------+-----+

-------------------------------------------
Batch: 172
-------------------------------------------
+--------------------+-----+
|            customer|score|
+--------------------+-----+
|Senthil.Fibonnaci...| 18.5|
+--------------------+-----+

-------------------------------------------
Batch: 173
-------------------------------------------
+--------------------+-----+
|            customer|score|
+--------------------+-----+
|John.Aristotle@te...| -2.0|
+--------------------+-----+

-------------------------------------------
Batch: 174
-------------------------------------------
+--------------------+-----+
|            customer|score|
+--------------------+-----+
|Jerry.Doshi@test.com| -5.0|
+--------------------+-----+

-------------------------------------------
Batch: 175
-------------------------------------------
+--------------------+-----+
|            customer|score|
+--------------------+-----+
|Senthil.Fibonnaci...| 12.0|
+--------------------+-----+

-------------------------------------------
Batch: 176
-------------------------------------------
+--------------------+-----+
|            customer|score|
+--------------------+-----+
|John.Aristotle@te...| 22.0|
+--------------------+-----+

-------------------------------------------
Batch: 177
-------------------------------------------
+--------------------+-----+
|            customer|score|
+--------------------+-----+
|Jerry.Doshi@test.com| -5.0|
+--------------------+-----+

-------------------------------------------
Batch: 178
-------------------------------------------
+--------------------+-----+
|            customer|score|
+--------------------+-----+
|Senthil.Fibonnaci...| 17.0|
+--------------------+-----+

-------------------------------------------
Batch: 179
-------------------------------------------
+--------------------+-----+
|            customer|score|
+--------------------+-----+
|John.Aristotle@te...|  2.5|
+--------------------+-----+

-------------------------------------------
Batch: 180
-------------------------------------------
+--------------------+-----+
|            customer|score|
+--------------------+-----+
|Jerry.Doshi@test.com| -4.5|
+--------------------+-----+

-------------------------------------------
Batch: 181
-------------------------------------------
+--------------------+-----+
|            customer|score|
+--------------------+-----+
|Senthil.Fibonnaci...| 10.0|
+--------------------+-----+

-------------------------------------------
Batch: 182
-------------------------------------------
+--------------------+-----+
|            customer|score|
+--------------------+-----+
|John.Aristotle@te...|  2.5|
+--------------------+-----+

-------------------------------------------
Batch: 183
-------------------------------------------
+--------------------+-----+
|            customer|score|
+--------------------+-----+
|Jerry.Doshi@test.com| -4.0|
+--------------------+-----+

-------------------------------------------
Batch: 184
-------------------------------------------
+--------------------+-----+
|            customer|score|
+--------------------+-----+
|Senthil.Fibonnaci...| 13.5|
+--------------------+-----+

-------------------------------------------
Batch: 185
-------------------------------------------
+--------------------+-----+
|            customer|score|
+--------------------+-----+
|John.Aristotle@te...|  2.5|
+--------------------+-----+

-------------------------------------------
Batch: 186
-------------------------------------------
+--------------------+-----+
|            customer|score|
+--------------------+-----+
|Jerry.Doshi@test.com| -3.0|
+--------------------+-----+

-------------------------------------------
Batch: 187
-------------------------------------------
+--------------------+-----+
|            customer|score|
+--------------------+-----+
|Senthil.Fibonnaci...| 32.0|
+--------------------+-----+

-------------------------------------------
Batch: 188
-------------------------------------------
+--------------------+-----+
|            customer|score|
+--------------------+-----+
|John.Aristotle@te...| -4.0|
+--------------------+-----+

-------------------------------------------
Batch: 189
-------------------------------------------
+--------------------+-----+
|            customer|score|
+--------------------+-----+
|Jerry.Doshi@test.com| -1.0|
+--------------------+-----+

-------------------------------------------
Batch: 190
-------------------------------------------
+--------------------+-----+
|            customer|score|
+--------------------+-----+
|Senthil.Fibonnaci...| -2.0|
+--------------------+-----+

-------------------------------------------
Batch: 191
-------------------------------------------
+--------------------+-----+
|            customer|score|
+--------------------+-----+
|John.Aristotle@te...| -6.5|
+--------------------+-----+

-------------------------------------------
Batch: 192
-------------------------------------------
+--------------------+-----+
|            customer|score|
+--------------------+-----+
|Jerry.Doshi@test.com| -1.5|
+--------------------+-----+

-------------------------------------------
Batch: 193
-------------------------------------------
+--------------------+-----+
|            customer|score|
+--------------------+-----+
|Senthil.Fibonnaci...|-13.0|
+--------------------+-----+

-------------------------------------------
Batch: 194
-------------------------------------------
+--------------------+-----+
|            customer|score|
+--------------------+-----+
|John.Aristotle@te...|  9.0|
+--------------------+-----+

-------------------------------------------
Batch: 195
-------------------------------------------
+--------------------+-----+
|            customer|score|
+--------------------+-----+
|Jerry.Doshi@test.com| -4.0|
+--------------------+-----+

-------------------------------------------
Batch: 196
-------------------------------------------
+--------------------+-----+
|            customer|score|
+--------------------+-----+
|Senthil.Fibonnaci...| 21.5|
+--------------------+-----+

-------------------------------------------
Batch: 197
-------------------------------------------
+--------------------+-----+
|            customer|score|
+--------------------+-----+
|John.Aristotle@te...|  5.0|
+--------------------+-----+

-------------------------------------------
Batch: 198
-------------------------------------------
+--------------------+-----+
|            customer|score|
+--------------------+-----+
|Jerry.Doshi@test.com| -5.0|
+--------------------+-----+

-------------------------------------------
Batch: 199
-------------------------------------------
+--------------------+-----+
|            customer|score|
+--------------------+-----+
|Senthil.Fibonnaci...| 20.0|
+--------------------+-----+

-------------------------------------------
Batch: 200
-------------------------------------------
+--------------------+-----+
|            customer|score|
+--------------------+-----+
|John.Aristotle@te...|  9.5|
+--------------------+-----+

-------------------------------------------
Batch: 201
-------------------------------------------
+--------------------+-----+
|            customer|score|
+--------------------+-----+
|Jerry.Doshi@test.com| -4.5|
+--------------------+-----+

-------------------------------------------
Batch: 202
-------------------------------------------
+--------------------+-----+
|            customer|score|
+--------------------+-----+
|Senthil.Fibonnaci...| 17.5|
+--------------------+-----+

-------------------------------------------
Batch: 203
-------------------------------------------
+--------------------+-----+
|            customer|score|
+--------------------+-----+
|John.Aristotle@te...| 23.0|
+--------------------+-----+

-------------------------------------------
Batch: 204
-------------------------------------------
+--------------------+-----+
|            customer|score|
+--------------------+-----+
|Jerry.Doshi@test.com| -3.0|
+--------------------+-----+

-------------------------------------------
Batch: 205
-------------------------------------------
+--------------------+-----+
|            customer|score|
+--------------------+-----+
|Senthil.Fibonnaci...| 11.5|
+--------------------+-----+

-------------------------------------------
Batch: 206
-------------------------------------------
+--------------------+-----+
|            customer|score|
+--------------------+-----+
|John.Aristotle@te...| 11.5|
+--------------------+-----+

-------------------------------------------
Batch: 207
-------------------------------------------
+--------------------+-----+
|            customer|score|
+--------------------+-----+
|Jerry.Doshi@test.com| -1.5|
+--------------------+-----+

-------------------------------------------
Batch: 208
-------------------------------------------
+--------------------+-----+
|            customer|score|
+--------------------+-----+
|Senthil.Fibonnaci...| -5.0|
+--------------------+-----+

-------------------------------------------
Batch: 209
-------------------------------------------
+--------------------+-----+
|            customer|score|
+--------------------+-----+
|John.Aristotle@te...| 24.5|
+--------------------+-----+

-------------------------------------------
Batch: 210
-------------------------------------------
+--------------------+-----+
|            customer|score|
+--------------------+-----+
|Jerry.Doshi@test.com| -2.0|
+--------------------+-----+

-------------------------------------------
Batch: 211
-------------------------------------------
+--------------------+-----+
|            customer|score|
+--------------------+-----+
|Senthil.Fibonnaci...| -1.0|
+--------------------+-----+

-------------------------------------------
Batch: 212
-------------------------------------------
+--------------------+-----+
|            customer|score|
+--------------------+-----+
|John.Aristotle@te...| 13.0|
+--------------------+-----+

-------------------------------------------
Batch: 213
-------------------------------------------
+--------------------+-----+
|            customer|score|
+--------------------+-----+
|Jerry.Doshi@test.com| -4.0|
+--------------------+-----+

-------------------------------------------
Batch: 214
-------------------------------------------
+--------------------+-----+
|            customer|score|
+--------------------+-----+
|Senthil.Fibonnaci...| -1.0|
+--------------------+-----+

-------------------------------------------
Batch: 215
-------------------------------------------
+--------------------+-----+
|            customer|score|
+--------------------+-----+
|John.Aristotle@te...| 14.0|
+--------------------+-----+

-------------------------------------------
Batch: 216
-------------------------------------------
+--------------------+-----+
|            customer|score|
+--------------------+-----+
|Jerry.Doshi@test.com| -5.0|
+--------------------+-----+

-------------------------------------------
Batch: 217
-------------------------------------------
+--------------------+-----+
|            customer|score|
+--------------------+-----+
|Senthil.Fibonnaci...|  5.5|
+--------------------+-----+

-------------------------------------------
Batch: 218
-------------------------------------------
+--------------------+-----+
|            customer|score|
+--------------------+-----+
|John.Aristotle@te...|  5.5|
+--------------------+-----+

-------------------------------------------
Batch: 219
-------------------------------------------
+--------------------+-----+
|            customer|score|
+--------------------+-----+
|Jerry.Doshi@test.com| -4.0|
+--------------------+-----+

-------------------------------------------
Batch: 220
-------------------------------------------
+--------------------+-----+
|            customer|score|
+--------------------+-----+
|Senthil.Fibonnaci...| 23.0|
+--------------------+-----+

-------------------------------------------
Batch: 221
-------------------------------------------
+--------------------+-----+
|            customer|score|
+--------------------+-----+
|John.Aristotle@te...|  3.5|
+--------------------+-----+

-------------------------------------------
Batch: 222
-------------------------------------------
+--------------------+-----+
|            customer|score|
+--------------------+-----+
|Jerry.Doshi@test.com| -2.5|
+--------------------+-----+

-------------------------------------------
Batch: 223
-------------------------------------------
+--------------------+-----+
|            customer|score|
+--------------------+-----+
|Senthil.Fibonnaci...| -2.0|
+--------------------+-----+

-------------------------------------------
Batch: 224
-------------------------------------------
+--------------------+-----+
|            customer|score|
+--------------------+-----+
|John.Aristotle@te...| -4.5|
+--------------------+-----+

-------------------------------------------
Batch: 225
-------------------------------------------
+--------------------+-----+
|            customer|score|
+--------------------+-----+
|Jerry.Doshi@test.com| -3.5|
+--------------------+-----+

-------------------------------------------
Batch: 226
-------------------------------------------
+--------------------+-----+
|            customer|score|
+--------------------+-----+
|Senthil.Fibonnaci...|  9.5|
+--------------------+-----+

-------------------------------------------
Batch: 227
-------------------------------------------
+--------------------+-----+
|            customer|score|
+--------------------+-----+
|John.Aristotle@te...|  2.5|
+--------------------+-----+

-------------------------------------------
Batch: 228
-------------------------------------------
+--------------------+-----+
|            customer|score|
+--------------------+-----+
|Jerry.Doshi@test.com| -4.5|
+--------------------+-----+

-------------------------------------------
Batch: 229
-------------------------------------------
+--------------------+-----+
|            customer|score|
+--------------------+-----+
|Senthil.Fibonnaci...| 33.5|
+--------------------+-----+

-------------------------------------------
Batch: 230
-------------------------------------------
+--------------------+-----+
|            customer|score|
+--------------------+-----+
|John.Aristotle@te...| 12.0|
+--------------------+-----+

-------------------------------------------
Batch: 231
-------------------------------------------
+--------------------+-----+
|            customer|score|
+--------------------+-----+
|Jerry.Doshi@test.com| -4.0|
+--------------------+-----+

-------------------------------------------
Batch: 232
-------------------------------------------
+--------------------+-----+
|            customer|score|
+--------------------+-----+
|Senthil.Fibonnaci...| 19.0|
+--------------------+-----+

-------------------------------------------
Batch: 233
-------------------------------------------
+--------------------+-----+
|            customer|score|
+--------------------+-----+
|John.Aristotle@te...| 20.5|
+--------------------+-----+

-------------------------------------------
Batch: 234
-------------------------------------------
+--------------------+-----+
|            customer|score|
+--------------------+-----+
|Jerry.Doshi@test.com| -4.0|
+--------------------+-----+

-------------------------------------------
Batch: 235
-------------------------------------------
+--------------------+-----+
|            customer|score|
+--------------------+-----+
|Senthil.Fibonnaci...|  9.0|
+--------------------+-----+

-------------------------------------------
Batch: 236
-------------------------------------------
+--------------------+-----+
|            customer|score|
+--------------------+-----+
|John.Aristotle@te...| 20.5|
+--------------------+-----+

-------------------------------------------
Batch: 237
-------------------------------------------
+--------------------+-----+
|            customer|score|
+--------------------+-----+
|Jerry.Doshi@test.com| -4.0|
+--------------------+-----+

-------------------------------------------
Batch: 238
-------------------------------------------
+--------------------+-----+
|            customer|score|
+--------------------+-----+
|Senthil.Fibonnaci...| 16.0|
+--------------------+-----+

-------------------------------------------
Batch: 239
-------------------------------------------
+--------------------+-----+
|            customer|score|
+--------------------+-----+
|John.Aristotle@te...| 17.5|
+--------------------+-----+

-------------------------------------------
Batch: 240
-------------------------------------------
+--------------------+-----+
|            customer|score|
+--------------------+-----+
|Jerry.Doshi@test.com| -3.5|
+--------------------+-----+

-------------------------------------------
Batch: 241
-------------------------------------------
+--------------------+-----+
|            customer|score|
+--------------------+-----+
|Senthil.Fibonnaci...|  6.5|
+--------------------+-----+

-------------------------------------------
Batch: 242
-------------------------------------------
+--------------------+-----+
|            customer|score|
+--------------------+-----+
|John.Aristotle@te...| 25.5|
+--------------------+-----+

-------------------------------------------
Batch: 243
-------------------------------------------
+--------------------+-----+
|            customer|score|
+--------------------+-----+
|Jerry.Doshi@test.com| -3.0|
+--------------------+-----+

-------------------------------------------
Batch: 244
-------------------------------------------
+--------------------+-----+
|            customer|score|
+--------------------+-----+
|Senthil.Fibonnaci...| 11.0|
+--------------------+-----+

-------------------------------------------
Batch: 245
-------------------------------------------
+--------------------+-----+
|            customer|score|
+--------------------+-----+
|John.Aristotle@te...| 26.5|
+--------------------+-----+

-------------------------------------------
Batch: 246
-------------------------------------------
+--------------------+-----+
|            customer|score|
+--------------------+-----+
|Jerry.Doshi@test.com| -4.0|
+--------------------+-----+

-------------------------------------------
Batch: 247
-------------------------------------------
+--------------------+-----+
|            customer|score|
+--------------------+-----+
|Senthil.Fibonnaci...| 13.0|
+--------------------+-----+

-------------------------------------------
Batch: 248
-------------------------------------------
+--------------------+-----+
|            customer|score|
+--------------------+-----+
|John.Aristotle@te...|  9.5|
+--------------------+-----+

-------------------------------------------
Batch: 249
-------------------------------------------
+--------------------+-----+
|            customer|score|
+--------------------+-----+
|Jerry.Doshi@test.com| -4.0|
+--------------------+-----+

-------------------------------------------
Batch: 250
-------------------------------------------
+--------------------+-----+
|            customer|score|
+--------------------+-----+
|Senthil.Fibonnaci...| 19.5|
+--------------------+-----+

-------------------------------------------
Batch: 251
-------------------------------------------
+--------------------+-----+
|            customer|score|
+--------------------+-----+
|John.Aristotle@te...| -2.0|
+--------------------+-----+

-------------------------------------------
Batch: 252
-------------------------------------------
+--------------------+-----+
|            customer|score|
+--------------------+-----+
|Jerry.Doshi@test.com| -3.5|
+--------------------+-----+

-------------------------------------------
Batch: 253
-------------------------------------------
+--------------------+-----+
|            customer|score|
+--------------------+-----+
|Senthil.Fibonnaci...|-22.5|
+--------------------+-----+

-------------------------------------------
Batch: 254
-------------------------------------------
+--------------------+-----+
|            customer|score|
+--------------------+-----+
|John.Aristotle@te...| 18.0|
+--------------------+-----+

-------------------------------------------
Batch: 255
-------------------------------------------
+--------------------+-----+
|            customer|score|
+--------------------+-----+
|Jerry.Doshi@test.com| -4.5|
+--------------------+-----+

-------------------------------------------
Batch: 256
-------------------------------------------
+--------------------+-----+
|            customer|score|
+--------------------+-----+
|Senthil.Fibonnaci...| 15.0|
+--------------------+-----+

-------------------------------------------
Batch: 257
-------------------------------------------
+--------------------+-----+
|            customer|score|
+--------------------+-----+
|John.Aristotle@te...| 13.5|
+--------------------+-----+

-------------------------------------------
Batch: 258
-------------------------------------------
+--------------------+-----+
|            customer|score|
+--------------------+-----+
|Jerry.Doshi@test.com| -5.0|
+--------------------+-----+

-------------------------------------------
Batch: 259
-------------------------------------------
+--------------------+-----+
|            customer|score|
+--------------------+-----+
|Senthil.Fibonnaci...| 21.0|
+--------------------+-----+

-------------------------------------------
Batch: 260
-------------------------------------------
+--------------------+-----+
|            customer|score|
+--------------------+-----+
|John.Aristotle@te...| -0.5|
+--------------------+-----+

-------------------------------------------
Batch: 261
-------------------------------------------
+--------------------+-----+
|            customer|score|
+--------------------+-----+
|Jerry.Doshi@test.com| -5.0|
+--------------------+-----+

-------------------------------------------
Batch: 262
-------------------------------------------
+--------------------+-----+
|            customer|score|
+--------------------+-----+
|Senthil.Fibonnaci...| 17.0|
+--------------------+-----+

-------------------------------------------
Batch: 263
-------------------------------------------
+--------------------+-----+
|            customer|score|
+--------------------+-----+
|John.Aristotle@te...| 18.0|
+--------------------+-----+

-------------------------------------------
Batch: 264
-------------------------------------------
+--------------------+-----+
|            customer|score|
+--------------------+-----+
|Jerry.Doshi@test.com| -5.0|
+--------------------+-----+

-------------------------------------------
Batch: 265
-------------------------------------------
+--------------------+-----+
|            customer|score|
+--------------------+-----+
|Senthil.Fibonnaci...| 24.0|
+--------------------+-----+

-------------------------------------------
Batch: 266
-------------------------------------------
+--------------------+-----+
|            customer|score|
+--------------------+-----+
|John.Aristotle@te...| -2.0|
+--------------------+-----+

-------------------------------------------
Batch: 267
-------------------------------------------
+--------------------+-----+
|            customer|score|
+--------------------+-----+
|Jerry.Doshi@test.com| -5.0|
+--------------------+-----+

-------------------------------------------
Batch: 268
-------------------------------------------
+--------------------+-----+
|            customer|score|
+--------------------+-----+
|Senthil.Fibonnaci...| 30.0|
+--------------------+-----+

-------------------------------------------
Batch: 269
-------------------------------------------
+--------------------+-----+
|            customer|score|
+--------------------+-----+
|John.Aristotle@te...| 15.5|
+--------------------+-----+

-------------------------------------------
Batch: 270
-------------------------------------------
+--------------------+-----+
|            customer|score|
+--------------------+-----+
|Jerry.Doshi@test.com| -3.5|
+--------------------+-----+

-------------------------------------------
Batch: 271
-------------------------------------------
+--------------------+-----+
|            customer|score|
+--------------------+-----+
|Senthil.Fibonnaci...|  1.0|
+--------------------+-----+

-------------------------------------------
Batch: 272
-------------------------------------------
+--------------------+-----+
|            customer|score|
+--------------------+-----+
|John.Aristotle@te...| 20.0|
+--------------------+-----+

-------------------------------------------
Batch: 273
-------------------------------------------
+--------------------+-----+
|            customer|score|
+--------------------+-----+
|Jerry.Doshi@test.com| -2.0|
+--------------------+-----+

-------------------------------------------
Batch: 274
-------------------------------------------
+--------------------+-----+
|            customer|score|
+--------------------+-----+
|Senthil.Fibonnaci...| -3.0|
+--------------------+-----+

-------------------------------------------
Batch: 275
-------------------------------------------
+--------------------+-----+
|            customer|score|
+--------------------+-----+
|John.Aristotle@te...|  3.0|
+--------------------+-----+

-------------------------------------------
Batch: 276
-------------------------------------------
+--------------------+-----+
|            customer|score|
+--------------------+-----+
|Jerry.Doshi@test.com| -2.5|
+--------------------+-----+

-------------------------------------------
Batch: 277
-------------------------------------------
+--------------------+-----+
|            customer|score|
+--------------------+-----+
|Senthil.Fibonnaci...|  7.5|
+--------------------+-----+

-------------------------------------------
Batch: 278
-------------------------------------------
+--------------------+-----+
|            customer|score|
+--------------------+-----+
|John.Aristotle@te...| 13.5|
+--------------------+-----+

-------------------------------------------
Batch: 279
-------------------------------------------
+--------------------+-----+
|            customer|score|
+--------------------+-----+
|Jerry.Doshi@test.com| -3.0|
+--------------------+-----+

-------------------------------------------
Batch: 280
-------------------------------------------
+--------------------+-----+
|            customer|score|
+--------------------+-----+
|Senthil.Fibonnaci...|-10.0|
+--------------------+-----+

-------------------------------------------
Batch: 281
-------------------------------------------
+--------------------+-----+
|            customer|score|
+--------------------+-----+
|John.Aristotle@te...| 17.5|
+--------------------+-----+

-------------------------------------------
Batch: 282
-------------------------------------------
+--------------------+-----+
|            customer|score|
+--------------------+-----+
|Jerry.Doshi@test.com| -3.5|
+--------------------+-----+

-------------------------------------------
Batch: 283
-------------------------------------------
+--------------------+-----+
|            customer|score|
+--------------------+-----+
|Senthil.Fibonnaci...| -9.5|
+--------------------+-----+

-------------------------------------------
Batch: 284
-------------------------------------------
+--------------------+-----+
|            customer|score|
+--------------------+-----+
|John.Aristotle@te...|  2.0|
+--------------------+-----+

-------------------------------------------
Batch: 285
-------------------------------------------
+--------------------+-----+
|            customer|score|
+--------------------+-----+
|Jerry.Doshi@test.com| -4.5|
+--------------------+-----+

-------------------------------------------
Batch: 286
-------------------------------------------
+--------------------+-----+
|            customer|score|
+--------------------+-----+
|Senthil.Fibonnaci...|  3.5|
+--------------------+-----+

-------------------------------------------
Batch: 287
-------------------------------------------
+--------------------+-----+
|            customer|score|
+--------------------+-----+
|John.Aristotle@te...| -3.0|
+--------------------+-----+

-------------------------------------------
Batch: 288
-------------------------------------------
+--------------------+-----+
|            customer|score|
+--------------------+-----+
|Jerry.Doshi@test.com| -5.5|
+--------------------+-----+

-------------------------------------------
Batch: 289
-------------------------------------------
+--------------------+-----+
|            customer|score|
+--------------------+-----+
|Senthil.Fibonnaci...| 20.5|
+--------------------+-----+

-------------------------------------------
Batch: 290
-------------------------------------------
+--------------------+-----+
|            customer|score|
+--------------------+-----+
|John.Aristotle@te...| -3.0|
+--------------------+-----+

-------------------------------------------
Batch: 291
-------------------------------------------
+--------------------+-----+
|            customer|score|
+--------------------+-----+
|Jerry.Doshi@test.com| -6.0|
+--------------------+-----+

-------------------------------------------
Batch: 292
-------------------------------------------
+--------------------+-----+
|            customer|score|
+--------------------+-----+
|Senthil.Fibonnaci...| 22.5|
+--------------------+-----+

-------------------------------------------
Batch: 293
-------------------------------------------
+--------------------+-----+
|            customer|score|
+--------------------+-----+
|John.Aristotle@te...| -9.0|
+--------------------+-----+

-------------------------------------------
Batch: 294
-------------------------------------------
+--------------------+-----+
|            customer|score|
+--------------------+-----+
|Jerry.Doshi@test.com| -6.0|
+--------------------+-----+

-------------------------------------------
Batch: 295
-------------------------------------------
+--------------------+-----+
|            customer|score|
+--------------------+-----+
|Senthil.Fibonnaci...|  6.5|
+--------------------+-----+

-------------------------------------------
Batch: 296
-------------------------------------------
+--------------------+-----+
|            customer|score|
+--------------------+-----+
|John.Aristotle@te...|-17.0|
+--------------------+-----+

-------------------------------------------
Batch: 297
-------------------------------------------
+--------------------+-----+
|            customer|score|
+--------------------+-----+
|Jerry.Doshi@test.com| -5.0|
+--------------------+-----+

-------------------------------------------
Batch: 298
-------------------------------------------
+--------------------+-----+
|            customer|score|
+--------------------+-----+
|Senthil.Fibonnaci...| -1.0|
+--------------------+-----+

-------------------------------------------
Batch: 299
-------------------------------------------
+--------------------+-----+
|            customer|score|
+--------------------+-----+
|John.Aristotle@te...|  1.0|
+--------------------+-----+

-------------------------------------------
Batch: 300
-------------------------------------------
+--------------------+-----+
|            customer|score|
+--------------------+-----+
|Jerry.Doshi@test.com| -2.5|
+--------------------+-----+

-------------------------------------------
Batch: 301
-------------------------------------------
+--------------------+-----+
|            customer|score|
+--------------------+-----+
|Senthil.Fibonnaci...| -0.5|
+--------------------+-----+

-------------------------------------------
Batch: 302
-------------------------------------------
+--------------------+-----+
|            customer|score|
+--------------------+-----+
|John.Aristotle@te...|-16.0|
+--------------------+-----+

-------------------------------------------
Batch: 303
-------------------------------------------
+--------------------+-----+
|            customer|score|
+--------------------+-----+
|Jerry.Doshi@test.com| -2.0|
+--------------------+-----+

-------------------------------------------
Batch: 304
-------------------------------------------
+--------------------+-----+
|            customer|score|
+--------------------+-----+
|Senthil.Fibonnaci...| -0.5|
+--------------------+-----+

-------------------------------------------
Batch: 305
-------------------------------------------
+--------------------+-----+
|            customer|score|
+--------------------+-----+
|John.Aristotle@te...|  6.0|
+--------------------+-----+

-------------------------------------------
Batch: 306
-------------------------------------------
+--------------------+-----+
|            customer|score|
+--------------------+-----+
|Jerry.Doshi@test.com| -3.0|
+--------------------+-----+

-------------------------------------------
Batch: 307
-------------------------------------------
+--------------------+-----+
|            customer|score|
+--------------------+-----+
|Senthil.Fibonnaci...| -1.0|
+--------------------+-----+

-------------------------------------------
Batch: 308
-------------------------------------------
+--------------------+-----+
|            customer|score|
+--------------------+-----+
|John.Aristotle@te...|-11.5|
+--------------------+-----+

-------------------------------------------
Batch: 309
-------------------------------------------
+--------------------+-----+
|            customer|score|
+--------------------+-----+
|Jerry.Doshi@test.com| -2.5|
+--------------------+-----+

-------------------------------------------
Batch: 310
-------------------------------------------
+--------------------+-----+
|            customer|score|
+--------------------+-----+
|Senthil.Fibonnaci...| 13.0|
+--------------------+-----+

-------------------------------------------
Batch: 311
-------------------------------------------
+--------------------+-----+
|            customer|score|
+--------------------+-----+
|John.Aristotle@te...|  7.0|
+--------------------+-----+

-------------------------------------------
Batch: 312
-------------------------------------------
+--------------------+-----+
|            customer|score|
+--------------------+-----+
|Jerry.Doshi@test.com| -3.0|
+--------------------+-----+

-------------------------------------------
Batch: 313
-------------------------------------------
+--------------------+-----+
|            customer|score|
+--------------------+-----+
|Senthil.Fibonnaci...|  0.0|
+--------------------+-----+

-------------------------------------------
Batch: 314
-------------------------------------------
+--------------------+-----+
|            customer|score|
+--------------------+-----+
|John.Aristotle@te...| 21.5|
+--------------------+-----+

-------------------------------------------
Batch: 315
-------------------------------------------
+--------------------+-----+
|            customer|score|
+--------------------+-----+
|Jerry.Doshi@test.com| -3.5|
+--------------------+-----+

-------------------------------------------
Batch: 316
-------------------------------------------
+--------------------+-----+
|            customer|score|
+--------------------+-----+
|Senthil.Fibonnaci...|-14.0|
+--------------------+-----+

-------------------------------------------
Batch: 317
-------------------------------------------
+--------------------+-----+
|            customer|score|
+--------------------+-----+
|John.Aristotle@te...| 24.5|
+--------------------+-----+

-------------------------------------------
Batch: 318
-------------------------------------------
+--------------------+-----+
|            customer|score|
+--------------------+-----+
|Jerry.Doshi@test.com| -3.5|
+--------------------+-----+

-------------------------------------------
Batch: 319
-------------------------------------------
+--------------------+-----+
|            customer|score|
+--------------------+-----+
|Senthil.Fibonnaci...| -6.5|
+--------------------+-----+

-------------------------------------------
Batch: 320
-------------------------------------------
+--------------------+-----+
|            customer|score|
+--------------------+-----+
|John.Aristotle@te...| 23.5|
+--------------------+-----+

-------------------------------------------
Batch: 321
-------------------------------------------
+--------------------+-----+
|            customer|score|
+--------------------+-----+
|Jerry.Doshi@test.com| -4.5|
+--------------------+-----+

-------------------------------------------
Batch: 322
-------------------------------------------
+--------------------+-----+
|            customer|score|
+--------------------+-----+
|Senthil.Fibonnaci...| 21.0|
+--------------------+-----+

-------------------------------------------
Batch: 323
-------------------------------------------
+--------------------+-----+
|            customer|score|
+--------------------+-----+
|John.Aristotle@te...| 33.0|
+--------------------+-----+

-------------------------------------------
Batch: 324
-------------------------------------------
+--------------------+-----+
|            customer|score|
+--------------------+-----+
|Jerry.Doshi@test.com| -5.0|
+--------------------+-----+

-------------------------------------------
Batch: 325
-------------------------------------------
+--------------------+-----+
|            customer|score|
+--------------------+-----+
|Senthil.Fibonnaci...| 13.5|
+--------------------+-----+

-------------------------------------------
Batch: 326
-------------------------------------------
+--------------------+-----+
|            customer|score|
+--------------------+-----+
|John.Aristotle@te...|  9.5|
+--------------------+-----+

-------------------------------------------
Batch: 327
-------------------------------------------
+--------------------+-----+
|            customer|score|
+--------------------+-----+
|Jerry.Doshi@test.com| -5.5|
+--------------------+-----+

-------------------------------------------
Batch: 328
-------------------------------------------
+--------------------+-----+
|            customer|score|
+--------------------+-----+
|Senthil.Fibonnaci...|  6.5|
+--------------------+-----+

-------------------------------------------
Batch: 329
-------------------------------------------
+--------------------+-----+
|            customer|score|
+--------------------+-----+
|John.Aristotle@te...| -6.0|
+--------------------+-----+

-------------------------------------------
Batch: 330
-------------------------------------------
+--------------------+-----+
|            customer|score|
+--------------------+-----+
|Jerry.Doshi@test.com| -5.0|
+--------------------+-----+

-------------------------------------------
Batch: 331
-------------------------------------------
+--------------------+-----+
|            customer|score|
+--------------------+-----+
|Senthil.Fibonnaci...|  7.0|
+--------------------+-----+

-------------------------------------------
Batch: 332
-------------------------------------------
+--------------------+-----+
|            customer|score|
+--------------------+-----+
|John.Aristotle@te...|-10.0|
+--------------------+-----+

-------------------------------------------
Batch: 333
-------------------------------------------
+--------------------+-----+
|            customer|score|
+--------------------+-----+
|Jerry.Doshi@test.com| -3.5|
+--------------------+-----+

-------------------------------------------
Batch: 334
-------------------------------------------
+--------------------+-----+
|            customer|score|
+--------------------+-----+
|Senthil.Fibonnaci...|  2.0|
+--------------------+-----+

