Spark Command: /usr/lib/jvm/java-8-openjdk-amd64/jre/bin/java -cp /opt/spark-2.3.4-bin-hadoop2.7/conf/:/opt/spark-2.3.4-bin-hadoop2.7/jars/* -Xmx1g org.apache.spark.deploy.master.Master --host bee1cd44739a --port 7077 --webui-port 8080
========================================
2022-03-25 09:00:49 INFO  Master:2612 - Started daemon with process name: 1728@bee1cd44739a
2022-03-25 09:00:49 INFO  SignalUtils:54 - Registered signal handler for TERM
2022-03-25 09:00:49 INFO  SignalUtils:54 - Registered signal handler for HUP
2022-03-25 09:00:49 INFO  SignalUtils:54 - Registered signal handler for INT
2022-03-25 09:00:51 WARN  NativeCodeLoader:62 - Unable to load native-hadoop library for your platform... using builtin-java classes where applicable
2022-03-25 09:00:51 INFO  SecurityManager:54 - Changing view acls to: root
2022-03-25 09:00:51 INFO  SecurityManager:54 - Changing modify acls to: root
2022-03-25 09:00:51 INFO  SecurityManager:54 - Changing view acls groups to: 
2022-03-25 09:00:51 INFO  SecurityManager:54 - Changing modify acls groups to: 
2022-03-25 09:00:51 INFO  SecurityManager:54 - SecurityManager: authentication disabled; ui acls disabled; users  with view permissions: Set(root); groups with view permissions: Set(); users  with modify permissions: Set(root); groups with modify permissions: Set()
2022-03-25 09:00:53 INFO  Utils:54 - Successfully started service 'sparkMaster' on port 7077.
2022-03-25 09:00:53 INFO  Master:54 - Starting Spark master at spark://bee1cd44739a:7077
2022-03-25 09:00:53 INFO  Master:54 - Running Spark version 2.3.4
2022-03-25 09:00:53 INFO  log:192 - Logging initialized @7187ms
2022-03-25 09:00:54 INFO  Server:351 - jetty-9.3.z-SNAPSHOT, build timestamp: unknown, git hash: unknown
2022-03-25 09:00:54 INFO  Server:419 - Started @7492ms
2022-03-25 09:00:54 INFO  AbstractConnector:278 - Started ServerConnector@3dfe7075{HTTP/1.1,[http/1.1]}{0.0.0.0:8080}
2022-03-25 09:00:54 INFO  Utils:54 - Successfully started service 'MasterUI' on port 8080.
2022-03-25 09:00:54 INFO  ContextHandler:781 - Started o.s.j.s.ServletContextHandler@2f2ec6ae{/app,null,AVAILABLE,@Spark}
2022-03-25 09:00:54 INFO  ContextHandler:781 - Started o.s.j.s.ServletContextHandler@2d2577f1{/app/json,null,AVAILABLE,@Spark}
2022-03-25 09:00:54 INFO  ContextHandler:781 - Started o.s.j.s.ServletContextHandler@7d905131{/,null,AVAILABLE,@Spark}
2022-03-25 09:00:54 INFO  ContextHandler:781 - Started o.s.j.s.ServletContextHandler@345d8cf1{/json,null,AVAILABLE,@Spark}
2022-03-25 09:00:54 INFO  ContextHandler:781 - Started o.s.j.s.ServletContextHandler@3241ff74{/static,null,AVAILABLE,@Spark}
2022-03-25 09:00:54 INFO  ContextHandler:781 - Started o.s.j.s.ServletContextHandler@8ea60cd{/app/kill,null,AVAILABLE,@Spark}
2022-03-25 09:00:54 INFO  ContextHandler:781 - Started o.s.j.s.ServletContextHandler@43bcd90{/driver/kill,null,AVAILABLE,@Spark}
2022-03-25 09:00:54 INFO  MasterWebUI:54 - Bound MasterWebUI to 0.0.0.0, and started at http://bee1cd44739a:8080
2022-03-25 09:00:54 INFO  Server:351 - jetty-9.3.z-SNAPSHOT, build timestamp: unknown, git hash: unknown
2022-03-25 09:00:54 INFO  ContextHandler:781 - Started o.s.j.s.ServletContextHandler@5255d2d9{/,null,AVAILABLE}
2022-03-25 09:00:54 INFO  AbstractConnector:278 - Started ServerConnector@5b24c53f{HTTP/1.1,[http/1.1]}{bee1cd44739a:6066}
2022-03-25 09:00:54 INFO  Server:419 - Started @8073ms
2022-03-25 09:00:54 INFO  Utils:54 - Successfully started service on port 6066.
2022-03-25 09:00:54 INFO  StandaloneRestServer:54 - Started REST server for submitting applications on port 6066
2022-03-25 09:00:55 INFO  ContextHandler:781 - Started o.s.j.s.ServletContextHandler@6eec2ba1{/metrics/master/json,null,AVAILABLE,@Spark}
2022-03-25 09:00:55 INFO  ContextHandler:781 - Started o.s.j.s.ServletContextHandler@2e50d6ee{/metrics/applications/json,null,AVAILABLE,@Spark}
2022-03-25 09:00:55 INFO  Master:54 - I have been elected leader! New state: ALIVE
2022-03-25 09:03:43 INFO  Master:54 - Registering worker 172.18.0.2:41881 with 2 cores, 6.3 GB RAM
