Spark Command: /usr/lib/jvm/java-8-openjdk-amd64/jre/bin/java -cp /opt/spark-2.3.4-bin-hadoop2.7/conf/:/opt/spark-2.3.4-bin-hadoop2.7/jars/* -Xmx1g org.apache.spark.deploy.master.Master --host ee091725cee9 --port 7077 --webui-port 8080
========================================
2022-03-29 17:52:25 INFO  Master:2612 - Started daemon with process name: 1611@ee091725cee9
2022-03-29 17:52:25 INFO  SignalUtils:54 - Registered signal handler for TERM
2022-03-29 17:52:25 INFO  SignalUtils:54 - Registered signal handler for HUP
2022-03-29 17:52:25 INFO  SignalUtils:54 - Registered signal handler for INT
2022-03-29 17:52:27 WARN  NativeCodeLoader:62 - Unable to load native-hadoop library for your platform... using builtin-java classes where applicable
2022-03-29 17:52:27 INFO  SecurityManager:54 - Changing view acls to: root
2022-03-29 17:52:27 INFO  SecurityManager:54 - Changing modify acls to: root
2022-03-29 17:52:27 INFO  SecurityManager:54 - Changing view acls groups to: 
2022-03-29 17:52:27 INFO  SecurityManager:54 - Changing modify acls groups to: 
2022-03-29 17:52:27 INFO  SecurityManager:54 - SecurityManager: authentication disabled; ui acls disabled; users  with view permissions: Set(root); groups with view permissions: Set(); users  with modify permissions: Set(root); groups with modify permissions: Set()
2022-03-29 17:52:29 INFO  Utils:54 - Successfully started service 'sparkMaster' on port 7077.
2022-03-29 17:52:29 INFO  Master:54 - Starting Spark master at spark://ee091725cee9:7077
2022-03-29 17:52:29 INFO  Master:54 - Running Spark version 2.3.4
2022-03-29 17:52:30 INFO  log:192 - Logging initialized @8242ms
2022-03-29 17:52:30 INFO  Server:351 - jetty-9.3.z-SNAPSHOT, build timestamp: unknown, git hash: unknown
2022-03-29 17:52:30 INFO  Server:419 - Started @8670ms
2022-03-29 17:52:30 INFO  AbstractConnector:278 - Started ServerConnector@2a5a7abb{HTTP/1.1,[http/1.1]}{0.0.0.0:8080}
2022-03-29 17:52:30 INFO  Utils:54 - Successfully started service 'MasterUI' on port 8080.
2022-03-29 17:52:30 INFO  ContextHandler:781 - Started o.s.j.s.ServletContextHandler@620d3ea3{/app,null,AVAILABLE,@Spark}
2022-03-29 17:52:30 INFO  ContextHandler:781 - Started o.s.j.s.ServletContextHandler@ceaa20a{/app/json,null,AVAILABLE,@Spark}
2022-03-29 17:52:30 INFO  ContextHandler:781 - Started o.s.j.s.ServletContextHandler@63b6076a{/,null,AVAILABLE,@Spark}
2022-03-29 17:52:30 INFO  ContextHandler:781 - Started o.s.j.s.ServletContextHandler@216edd31{/json,null,AVAILABLE,@Spark}
2022-03-29 17:52:31 INFO  ContextHandler:781 - Started o.s.j.s.ServletContextHandler@78cdc1e4{/static,null,AVAILABLE,@Spark}
2022-03-29 17:52:31 INFO  ContextHandler:781 - Started o.s.j.s.ServletContextHandler@7942e915{/app/kill,null,AVAILABLE,@Spark}
2022-03-29 17:52:31 INFO  ContextHandler:781 - Started o.s.j.s.ServletContextHandler@49edf6b1{/driver/kill,null,AVAILABLE,@Spark}
2022-03-29 17:52:31 INFO  MasterWebUI:54 - Bound MasterWebUI to 0.0.0.0, and started at http://ee091725cee9:8080
2022-03-29 17:52:31 INFO  Server:351 - jetty-9.3.z-SNAPSHOT, build timestamp: unknown, git hash: unknown
2022-03-29 17:52:31 INFO  ContextHandler:781 - Started o.s.j.s.ServletContextHandler@4b42ebc4{/,null,AVAILABLE}
2022-03-29 17:52:31 INFO  AbstractConnector:278 - Started ServerConnector@5be5b7a{HTTP/1.1,[http/1.1]}{ee091725cee9:6066}
2022-03-29 17:52:31 INFO  Server:419 - Started @9317ms
2022-03-29 17:52:31 INFO  Utils:54 - Successfully started service on port 6066.
2022-03-29 17:52:31 INFO  StandaloneRestServer:54 - Started REST server for submitting applications on port 6066
2022-03-29 17:52:31 INFO  ContextHandler:781 - Started o.s.j.s.ServletContextHandler@f0c77f6{/metrics/master/json,null,AVAILABLE,@Spark}
2022-03-29 17:52:31 INFO  ContextHandler:781 - Started o.s.j.s.ServletContextHandler@560b0d30{/metrics/applications/json,null,AVAILABLE,@Spark}
2022-03-29 17:52:31 INFO  Master:54 - I have been elected leader! New state: ALIVE
2022-03-29 17:53:12 INFO  Master:54 - Registering worker 172.18.0.2:45271 with 2 cores, 6.3 GB RAM
