Spark Command: /usr/lib/jvm/java-8-openjdk-amd64/jre/bin/java -cp /opt/spark-2.3.4-bin-hadoop2.7/conf/:/opt/spark-2.3.4-bin-hadoop2.7/jars/* -Xmx1g org.apache.spark.deploy.master.Master --host 0a7a63eb47b4 --port 7077 --webui-port 8080
========================================
2022-03-26 07:49:27 INFO  Master:2612 - Started daemon with process name: 1587@0a7a63eb47b4
2022-03-26 07:49:27 INFO  SignalUtils:54 - Registered signal handler for TERM
2022-03-26 07:49:27 INFO  SignalUtils:54 - Registered signal handler for HUP
2022-03-26 07:49:27 INFO  SignalUtils:54 - Registered signal handler for INT
2022-03-26 07:49:29 WARN  NativeCodeLoader:62 - Unable to load native-hadoop library for your platform... using builtin-java classes where applicable
2022-03-26 07:49:29 INFO  SecurityManager:54 - Changing view acls to: root
2022-03-26 07:49:29 INFO  SecurityManager:54 - Changing modify acls to: root
2022-03-26 07:49:29 INFO  SecurityManager:54 - Changing view acls groups to: 
2022-03-26 07:49:29 INFO  SecurityManager:54 - Changing modify acls groups to: 
2022-03-26 07:49:29 INFO  SecurityManager:54 - SecurityManager: authentication disabled; ui acls disabled; users  with view permissions: Set(root); groups with view permissions: Set(); users  with modify permissions: Set(root); groups with modify permissions: Set()
2022-03-26 07:49:31 INFO  Utils:54 - Successfully started service 'sparkMaster' on port 7077.
2022-03-26 07:49:31 INFO  Master:54 - Starting Spark master at spark://0a7a63eb47b4:7077
2022-03-26 07:49:31 INFO  Master:54 - Running Spark version 2.3.4
2022-03-26 07:49:31 INFO  log:192 - Logging initialized @7389ms
2022-03-26 07:49:32 INFO  Server:351 - jetty-9.3.z-SNAPSHOT, build timestamp: unknown, git hash: unknown
2022-03-26 07:49:32 INFO  Server:419 - Started @7674ms
2022-03-26 07:49:32 INFO  AbstractConnector:278 - Started ServerConnector@eac785e{HTTP/1.1,[http/1.1]}{0.0.0.0:8080}
2022-03-26 07:49:32 INFO  Utils:54 - Successfully started service 'MasterUI' on port 8080.
2022-03-26 07:49:32 INFO  ContextHandler:781 - Started o.s.j.s.ServletContextHandler@332194d3{/app,null,AVAILABLE,@Spark}
2022-03-26 07:49:32 INFO  ContextHandler:781 - Started o.s.j.s.ServletContextHandler@229ed86a{/app/json,null,AVAILABLE,@Spark}
2022-03-26 07:49:32 INFO  ContextHandler:781 - Started o.s.j.s.ServletContextHandler@6fb852ec{/,null,AVAILABLE,@Spark}
2022-03-26 07:49:32 INFO  ContextHandler:781 - Started o.s.j.s.ServletContextHandler@649e4d0{/json,null,AVAILABLE,@Spark}
2022-03-26 07:49:32 INFO  ContextHandler:781 - Started o.s.j.s.ServletContextHandler@524031fb{/static,null,AVAILABLE,@Spark}
2022-03-26 07:49:32 INFO  ContextHandler:781 - Started o.s.j.s.ServletContextHandler@5e31fb49{/app/kill,null,AVAILABLE,@Spark}
2022-03-26 07:49:32 INFO  ContextHandler:781 - Started o.s.j.s.ServletContextHandler@1cc6683b{/driver/kill,null,AVAILABLE,@Spark}
2022-03-26 07:49:32 INFO  MasterWebUI:54 - Bound MasterWebUI to 0.0.0.0, and started at http://0a7a63eb47b4:8080
2022-03-26 07:49:32 INFO  Server:351 - jetty-9.3.z-SNAPSHOT, build timestamp: unknown, git hash: unknown
2022-03-26 07:49:32 INFO  ContextHandler:781 - Started o.s.j.s.ServletContextHandler@1da920e8{/,null,AVAILABLE}
2022-03-26 07:49:32 INFO  AbstractConnector:278 - Started ServerConnector@66fee726{HTTP/1.1,[http/1.1]}{0a7a63eb47b4:6066}
2022-03-26 07:49:32 INFO  Server:419 - Started @8259ms
2022-03-26 07:49:32 INFO  Utils:54 - Successfully started service on port 6066.
2022-03-26 07:49:32 INFO  StandaloneRestServer:54 - Started REST server for submitting applications on port 6066
2022-03-26 07:49:33 INFO  ContextHandler:781 - Started o.s.j.s.ServletContextHandler@3f326de2{/metrics/master/json,null,AVAILABLE,@Spark}
2022-03-26 07:49:33 INFO  ContextHandler:781 - Started o.s.j.s.ServletContextHandler@6f07b589{/metrics/applications/json,null,AVAILABLE,@Spark}
2022-03-26 07:49:33 INFO  Master:54 - I have been elected leader! New state: ALIVE
2022-03-26 07:50:12 INFO  Master:54 - Registering worker 172.18.0.2:38453 with 2 cores, 6.3 GB RAM
