Spark Command: /usr/lib/jvm/java-8-openjdk-amd64/jre/bin/java -cp /opt/spark-2.3.4-bin-hadoop2.7/conf/:/opt/spark-2.3.4-bin-hadoop2.7/jars/* -Xmx1g org.apache.spark.deploy.worker.Worker --webui-port 8081 spark://ed2f815e595f:7077
========================================
2022-03-25 19:31:24 INFO  Worker:2612 - Started daemon with process name: 1741@ed2f815e595f
2022-03-25 19:31:24 INFO  SignalUtils:54 - Registered signal handler for TERM
2022-03-25 19:31:24 INFO  SignalUtils:54 - Registered signal handler for HUP
2022-03-25 19:31:24 INFO  SignalUtils:54 - Registered signal handler for INT
2022-03-25 19:31:25 WARN  NativeCodeLoader:62 - Unable to load native-hadoop library for your platform... using builtin-java classes where applicable
2022-03-25 19:31:26 INFO  SecurityManager:54 - Changing view acls to: root
2022-03-25 19:31:26 INFO  SecurityManager:54 - Changing modify acls to: root
2022-03-25 19:31:26 INFO  SecurityManager:54 - Changing view acls groups to: 
2022-03-25 19:31:26 INFO  SecurityManager:54 - Changing modify acls groups to: 
2022-03-25 19:31:26 INFO  SecurityManager:54 - SecurityManager: authentication disabled; ui acls disabled; users  with view permissions: Set(root); groups with view permissions: Set(); users  with modify permissions: Set(root); groups with modify permissions: Set()
2022-03-25 19:31:26 INFO  Utils:54 - Successfully started service 'sparkWorker' on port 46477.
2022-03-25 19:31:27 INFO  Worker:54 - Starting Spark worker 172.18.0.2:46477 with 2 cores, 6.3 GB RAM
2022-03-25 19:31:27 INFO  Worker:54 - Running Spark version 2.3.4
2022-03-25 19:31:27 INFO  Worker:54 - Spark home: /opt/spark-2.3.4-bin-hadoop2.7
2022-03-25 19:31:27 INFO  log:192 - Logging initialized @4510ms
2022-03-25 19:31:27 INFO  Server:351 - jetty-9.3.z-SNAPSHOT, build timestamp: unknown, git hash: unknown
2022-03-25 19:31:27 INFO  Server:419 - Started @4610ms
2022-03-25 19:31:27 WARN  Utils:66 - Service 'WorkerUI' could not bind on port 8081. Attempting port 8082.
2022-03-25 19:31:27 WARN  Utils:66 - Service 'WorkerUI' could not bind on port 8082. Attempting port 8083.
2022-03-25 19:31:27 WARN  Utils:66 - Service 'WorkerUI' could not bind on port 8083. Attempting port 8084.
2022-03-25 19:31:27 INFO  AbstractConnector:278 - Started ServerConnector@57bac26b{HTTP/1.1,[http/1.1]}{0.0.0.0:8084}
2022-03-25 19:31:27 INFO  Utils:54 - Successfully started service 'WorkerUI' on port 8084.
2022-03-25 19:31:27 INFO  ContextHandler:781 - Started o.s.j.s.ServletContextHandler@21ccdb7e{/logPage,null,AVAILABLE,@Spark}
2022-03-25 19:31:27 INFO  ContextHandler:781 - Started o.s.j.s.ServletContextHandler@2550164f{/logPage/json,null,AVAILABLE,@Spark}
2022-03-25 19:31:27 INFO  ContextHandler:781 - Started o.s.j.s.ServletContextHandler@8bc81b3{/,null,AVAILABLE,@Spark}
2022-03-25 19:31:27 INFO  ContextHandler:781 - Started o.s.j.s.ServletContextHandler@3c66adc2{/json,null,AVAILABLE,@Spark}
2022-03-25 19:31:27 INFO  ContextHandler:781 - Started o.s.j.s.ServletContextHandler@19a1366f{/static,null,AVAILABLE,@Spark}
2022-03-25 19:31:27 INFO  ContextHandler:781 - Started o.s.j.s.ServletContextHandler@3a3d78b7{/log,null,AVAILABLE,@Spark}
2022-03-25 19:31:27 INFO  WorkerWebUI:54 - Bound WorkerWebUI to 0.0.0.0, and started at http://ed2f815e595f:8084
2022-03-25 19:31:27 INFO  Worker:54 - Connecting to master ed2f815e595f:7077...
2022-03-25 19:31:27 INFO  ContextHandler:781 - Started o.s.j.s.ServletContextHandler@7807f411{/metrics/json,null,AVAILABLE,@Spark}
2022-03-25 19:31:28 INFO  TransportClientFactory:267 - Successfully created connection to ed2f815e595f/172.18.0.2:7077 after 136 ms (0 ms spent in bootstraps)
2022-03-25 19:31:28 INFO  Worker:54 - Successfully registered with master spark://ed2f815e595f:7077
